<?xml version="1.0" encoding="UTF-8"?>
<testng-results ignored="0" total="1" passed="1" failed="0" skipped="0">
  <reporter-output>
  </reporter-output>
  <suite started-at="2020-10-23T12:02:36 IST" name="Default suite" finished-at="2020-10-23T12:02:48 IST" duration-ms="12098">
    <groups>
    </groups>
    <test started-at="2020-10-23T12:02:36 IST" name="Default test" finished-at="2020-10-23T12:02:48 IST" duration-ms="12098">
      <class name="Test.Login">
        <test-method is-config="true" signature="setup()[pri:0, instance:Test.Login@5f20155b]" started-at="2020-10-23T12:02:36 IST" name="setup" finished-at="2020-10-23T12:02:45 IST" duration-ms="9141" status="PASS">
          <reporter-output>
          </reporter-output>
        </test-method> <!-- setup -->
        <test-method signature="test_Home_Page_Appear_Correct()[pri:0, instance:Test.Login@5f20155b]" started-at="2020-10-23T12:02:45 IST" name="test_Home_Page_Appear_Correct" finished-at="2020-10-23T12:02:48 IST" duration-ms="2825" status="PASS">
          <reporter-output>
          </reporter-output>
        </test-method> <!-- test_Home_Page_Appear_Correct -->
      </class> <!-- Test.Login -->
    </test> <!-- Default test -->
  </suite> <!-- Default suite -->
</testng-results>
